0 info it worked if it ends with ok
1 verbose cli [ '/Users/cantiere/.nvm/v0.10.40/bin/node',
1 verbose cli   '/Users/cantiere/.nvm/v0.10.40/bin/npm',
1 verbose cli   'run',
1 verbose cli   'dev' ]
2 info using npm@1.4.28
3 info using node@v0.10.40
4 verbose run-script [ 'predev', 'dev', 'postdev' ]
5 info predev mbti-finder@0.0.2
6 info dev mbti-finder@0.0.2
7 verbose unsafe-perm in lifecycle true
8 info mbti-finder@0.0.2 Failed to exec dev script
9 error mbti-finder@0.0.2 dev: `watchify src/js/index.js -o dist/bundle.js -t reactify -v --debug & live-server --entry-file=index.html dist & watch 'sass src/styles/main.sass dist/tmp.css && postcss --use autoprefixer -o dist/main.css dist/tmp.css' src/styles -du`
9 error Exit status 8
10 error Failed at the mbti-finder@0.0.2 dev script.
10 error This is most likely a problem with the mbti-finder package,
10 error not with npm itself.
10 error Tell the author that this fails on your system:
10 error     watchify src/js/index.js -o dist/bundle.js -t reactify -v --debug & live-server --entry-file=index.html dist & watch 'sass src/styles/main.sass dist/tmp.css && postcss --use autoprefixer -o dist/main.css dist/tmp.css' src/styles -du
10 error You can get their info via:
10 error     npm owner ls mbti-finder
10 error There is likely additional logging output above.
11 error System Darwin 14.1.1
12 error command "/Users/cantiere/.nvm/v0.10.40/bin/node" "/Users/cantiere/.nvm/v0.10.40/bin/npm" "run" "dev"
13 error cwd /Users/cantiere/Desktop/mbti-finder
14 error node -v v0.10.40
15 error npm -v 1.4.28
16 error code ELIFECYCLE
17 verbose exit [ 1, true ]
